#
# There is insufficient memory for the Java Runtime Environment to continue.
# Native memory allocation (mmap) failed to map 127926272 bytes. Error detail: G1 virtual space
# Possible reasons:
#   The system is out of physical RAM or swap space
#   This process is running with CompressedOops enabled, and the Java Heap may be blocking the growth of the native heap
# Possible solutions:
#   Reduce memory load on the system
#   Increase physical memory or swap space
#   Check if swap backing store is full
#   Decrease Java heap size (-Xmx/-Xms)
#   Decrease number of Java threads
#   Decrease Java thread stack sizes (-Xss)
#   Set larger code cache with -XX:ReservedCodeCacheSize=
#   JVM is running with Unscaled Compressed Oops mode in which the Java heap is
#     placed in the first 4GB address space. The Java Heap base address is the
#     maximum limit for the native heap growth. Please use -XX:HeapBaseMinAddress
#     to set the Java Heap base and to place the Java Heap above 4GB virtual address.
# This output file may be truncated or incomplete.
#
#  Out of Memory Error (os_windows.cpp:3707), pid=7296, tid=22040
#
# JRE version:  (23.0.2+7) (build )
# Java VM: Java HotSpot(TM) 64-Bit Server VM (23.0.2+7-58, mixed mode, sharing, tiered, compressed oops, compressed class ptrs, g1 gc, windows-amd64)
# No core dump will be written. Minidumps are not enabled by default on client versions of Windows
#

---------------  S U M M A R Y ------------

Command Line: -Dfile.encoding=UTF-8 --module-path=D:\PRAKTIKUM SEM 3\PBO\Polimorfisme\build\classes latihan1.Main

Host: Intel(R) Core(TM) i5-1035G7 CPU @ 1.20GHz, 8 cores, 7G,  Windows 11 , 64 bit Build 26100 (10.0.26100.7309)
Time: Fri Dec  5 09:48:04 2025 SE Asia Standard Time elapsed time: 0.027895 seconds (0d 0h 0m 0s)

---------------  T H R E A D  ---------------

Current thread (0x000002c181c5d190):  JavaThread "Unknown thread" [_thread_in_vm, id=22040, stack(0x000000d0ae800000,0x000000d0ae900000) (1024K)]

Stack: [0x000000d0ae800000,0x000000d0ae900000]
Native frames: (J=compiled Java code, j=interpreted, Vv=VM code, C=native code)
V  [jvm.dll+0x6e0b99]  (no source info available)
V  [jvm.dll+0x87e2b3]  (no source info available)
V  [jvm.dll+0x88073e]  (no source info available)
V  [jvm.dll+0x880e13]  (no source info available)
V  [jvm.dll+0x27b006]  (no source info available)
V  [jvm.dll+0x6dd485]  (no source info available)
V  [jvm.dll+0x6d127a]  (no source info available)
V  [jvm.dll+0x35b50a]  (no source info available)
V  [jvm.dll+0x363916]  (no source info available)
V  [jvm.dll+0x34fe7e]  (no source info available)
V  [jvm.dll+0x350118]  (no source info available)
V  [jvm.dll+0x328aec]  (no source info available)
V  [jvm.dll+0x32978e]  (no source info available)
V  [jvm.dll+0x8449a5]  (no source info available)
V  [jvm.dll+0x3b9a08]  (no source info available)
V  [jvm.dll+0x82d68c]  (no source info available)
V  [jvm.dll+0x454f2e]  (no source info available)
V  [jvm.dll+0x456db1]  (no source info available)
C  [jli.dll+0x52a3]  (no source info available)
C  [ucrtbase.dll+0x37b0]  (no source info available)
C  [KERNEL32.DLL+0x2e8d7]  (no source info available)
C  [ntdll.dll+0x8c53c]  (no source info available)

Lock stack of current Java thread (top to bottom):


---------------  P R O C E S S  ---------------

Threads class SMR info:
_java_thread_list=0x00007ffa5c9e4618, length=0, elements={
}

Java Threads: ( => current thread )
Total: 0

Other Threads:
  0x000002c1840db2c0 WorkerThread "GC Thread#0"                     [id=22092, stack(0x000000d0ae900000,0x000000d0aea00000) (1024K)]
  0x000002c1840f02c0 ConcurrentGCThread "G1 Main Marker"            [id=16152, stack(0x000000d0aea00000,0x000000d0aeb00000) (1024K)]
  0x000002c1840f1570 WorkerThread "G1 Conc#0"                       [id=11724, stack(0x000000d0aeb00000,0x000000d0aec00000) (1024K)]

[error occurred during error reporting (printing all threads), id 0xc0000005, EXCEPTION_ACCESS_VIOLATION (0xc0000005) at pc=0x00007ffa5c12c0da]
VM state: not at safepoint (not fully initialized)

VM Mutex/Monitor currently owned by a thread:  ([mutex/lock_event])
[0x00007ffa5ca64988] Heap_lock - owner thread: 0x000002c181c5d190

Heap address: 0x0000000086600000, size: 1946 MB, Compressed Oops mode: 32-bit

CDS archive(s) mapped at: [0x0000000000000000-0x0000000000000000-0x0000000000000000), size 0, SharedBaseAddress: 0x0000000800000000, ArchiveRelocationMode: 1.
Narrow klass base: 0x0000000000000000, Narrow klass shift: 0, Narrow klass range: 0x0

GC Precious Log:
 CardTable entry size: 512
 Card Set container configuration: InlinePtr #cards 5 size 8 Array Of Cards #cards 10 size 36 Howl #buckets 4 coarsen threshold 1843 Howl Bitmap #cards 512 size 80 coarsen threshold 460 Card regions per heap region 1 cards per card region 2048

Heap:
 garbage-first heap   total reserved 1992704K, committed 0K, used 0K [0x0000000086600000, 0x0000000100000000)
  region size 1024K, 0 young (0K), 0 survivors (0K)

[error occurred during error reporting (printing heap information), id 0xc0000005, EXCEPTION_ACCESS_VIOLATION (0xc0000005) at pc=0x00007ffa5c52c6a9]
GC Heap History (0 events):
No events

Dll operation events (1 events):
Event: 0.018 Loaded shared library C:\Program Files\Java\jdk-23\bin\java.dll

Deoptimization events (0 events):
No events

Classes loaded (0 events):
No events

Classes unloaded (0 events):
No events

Classes redefined (0 events):
No events

Internal exceptions (0 events):
No events

VM Operations (0 events):
No events

Memory protections (0 events):
No events

Nmethod flushes (0 events):
No events

Events (0 events):
No events


Dynamic libraries:
0x00007ff7c3b80000 - 0x00007ff7c3b90000 	C:\Program Files\Java\jdk-23\bin\java.exe
0x00007ffb23080000 - 0x00007ffb232e7000 	C:\WINDOWS\SYSTEM32\ntdll.dll
0x00007ffb22520000 - 0x00007ffb225e9000 	C:\WINDOWS\System32\KERNEL32.DLL
0x00007ffb20320000 - 0x00007ffb2070f000 	C:\WINDOWS\System32\KERNELBASE.dll
0x00007ffb201d0000 - 0x00007ffb2031b000 	C:\WINDOWS\System32\ucrtbase.dll
0x00007ffb0e540000 - 0x00007ffb0e55b000 	C:\Program Files\Java\jdk-23\bin\VCRUNTIME140.dll
0x00007ffaf0cf0000 - 0x00007ffaf0d07000 	C:\Program Files\Java\jdk-23\bin\jli.dll
0x00007ffb21770000 - 0x00007ffb21935000 	C:\WINDOWS\System32\USER32.dll
0x00007ffb207d0000 - 0x00007ffb207f7000 	C:\WINDOWS\System32\win32u.dll
0x00007ffb09ae0000 - 0x00007ffb09d73000 	C:\WINDOWS\WinSxS\amd64_microsoft.windows.common-controls_6595b64144ccf1df_6.0.26100.7309_none_3e05feeae336a044\COMCTL32.dll
0x00007ffb22770000 - 0x00007ffb2279b000 	C:\WINDOWS\System32\GDI32.dll
0x00007ffb208c0000 - 0x00007ffb209ec000 	C:\WINDOWS\System32\gdi32full.dll
0x00007ffb21050000 - 0x00007ffb210f9000 	C:\WINDOWS\System32\msvcrt.dll
0x00007ffb20720000 - 0x00007ffb207c3000 	C:\WINDOWS\System32\msvcp_win.dll
0x00007ffb22b60000 - 0x00007ffb22b91000 	C:\WINDOWS\System32\IMM32.DLL
0x00007ffb1c900000 - 0x00007ffb1c90c000 	C:\Program Files\Java\jdk-23\bin\vcruntime140_1.dll
0x00007ffac1e10000 - 0x00007ffac1e9e000 	C:\Program Files\Java\jdk-23\bin\msvcp140.dll
0x00007ffa5bdf0000 - 0x00007ffa5cb40000 	C:\Program Files\Java\jdk-23\bin\server\jvm.dll
0x00007ffb22460000 - 0x00007ffb22514000 	C:\WINDOWS\System32\ADVAPI32.dll
0x00007ffb22a30000 - 0x00007ffb22ad6000 	C:\WINDOWS\System32\sechost.dll
0x00007ffb22640000 - 0x00007ffb22758000 	C:\WINDOWS\System32\RPCRT4.dll
0x00007ffb22ba0000 - 0x00007ffb22c14000 	C:\WINDOWS\System32\WS2_32.dll
0x00007ffb20030000 - 0x00007ffb2008e000 	C:\WINDOWS\SYSTEM32\POWRPROF.dll
0x00007ffb09a70000 - 0x00007ffb09aa5000 	C:\WINDOWS\SYSTEM32\WINMM.dll
0x00007ffb10e60000 - 0x00007ffb10e6b000 	C:\WINDOWS\SYSTEM32\VERSION.dll
0x00007ffb20010000 - 0x00007ffb20024000 	C:\WINDOWS\SYSTEM32\UMPDC.dll
0x00007ffb1ef80000 - 0x00007ffb1ef9b000 	C:\WINDOWS\SYSTEM32\kernel.appcore.dll
0x00007ffb1c890000 - 0x00007ffb1c89a000 	C:\Program Files\Java\jdk-23\bin\jimage.dll
0x00007ffb1d9d0000 - 0x00007ffb1dc12000 	C:\WINDOWS\SYSTEM32\DBGHELP.DLL
0x00007ffb22cb0000 - 0x00007ffb23036000 	C:\WINDOWS\System32\combase.dll
0x00007ffb22380000 - 0x00007ffb22456000 	C:\WINDOWS\System32\OLEAUT32.dll
0x00007ffafdd90000 - 0x00007ffafddcc000 	C:\WINDOWS\SYSTEM32\dbgcore.DLL
0x00007ffb209f0000 - 0x00007ffb20a95000 	C:\WINDOWS\System32\bcryptPrimitives.dll
0x00007ffb0e510000 - 0x00007ffb0e52e000 	C:\Program Files\Java\jdk-23\bin\java.dll
0x00007ffb22890000 - 0x00007ffb22a27000 	C:\WINDOWS\System32\ole32.dll
0x00007ffb219a0000 - 0x00007ffb220f3000 	C:\WINDOWS\System32\SHELL32.dll
0x00007ffb20c20000 - 0x00007ffb20d8a000 	C:\WINDOWS\System32\wintypes.dll

dbghelp: loaded successfully - version: 4.0.5 - missing functions: none
symbol engine: initialized successfully - sym options: 0x614 - pdb path: .;C:\Program Files\Java\jdk-23\bin;C:\WINDOWS\SYSTEM32;C:\WINDOWS\WinSxS\amd64_microsoft.windows.common-controls_6595b64144ccf1df_6.0.26100.7309_none_3e05feeae336a044;C:\Program Files\Java\jdk-23\bin\server

VM Arguments:
jvm_args: -Dfile.encoding=UTF-8 --module-path=D:\PRAKTIKUM SEM 3\PBO\Polimorfisme\build\classes 
java_command: latihan1.Main
java_class_path (initial): D:\PRAKTIKUM SEM 3\PBO\Polimorfisme\build\classes
Launcher Type: SUN_STANDARD

[Global flags]
     intx CICompilerCount                          = 4                                         {product} {ergonomic}
     uint ConcGCThreads                            = 2                                         {product} {ergonomic}
     uint G1ConcRefinementThreads                  = 8                                         {product} {ergonomic}
   size_t G1HeapRegionSize                         = 1048576                                   {product} {ergonomic}
   size_t InitialHeapSize                          = 127926272                                 {product} {ergonomic}
   size_t MarkStackSize                            = 4194304                                   {product} {ergonomic}
   size_t MarkStackSizeMax                         = 536870912                                 {product} {ergonomic}
   size_t MaxHeapSize                              = 2040528896                                {product} {ergonomic}
   size_t MinHeapDeltaBytes                        = 1048576                                   {product} {ergonomic}
   size_t MinHeapSize                              = 8388608                                   {product} {ergonomic}
    uintx NonNMethodCodeHeapSize                   = 5832704                                {pd product} {ergonomic}
    uintx NonProfiledCodeHeapSize                  = 122945536                              {pd product} {ergonomic}
    uintx ProfiledCodeHeapSize                     = 122880000                              {pd product} {ergonomic}
    uintx ReservedCodeCacheSize                    = 251658240                              {pd product} {ergonomic}
     bool SegmentedCodeCache                       = true                                      {product} {ergonomic}
   size_t SoftMaxHeapSize                          = 2040528896                             {manageable} {ergonomic}
     bool UseCompressedOops                        = true                           {product lp64_product} {ergonomic}
     bool UseG1GC                                  = true                                      {product} {ergonomic}
     bool UseLargePagesIndividualAllocation        = false                                  {pd product} {ergonomic}

Logging:
Log output configuration:
 #0: stdout all=warning uptime,level,tags foldmultilines=false
 #1: stderr all=off uptime,level,tags foldmultilines=false

Environment Variables:
PATH=C:\Program Files\Common Files\Oracle\Java\javapath;C:\Program Files (x86)\Common Files\Intel\Shared Files\cpp\bin\Intel64;C:\Program Files (x86)\Common Files\Oracle\Java\java8path;C:\Program Files (x86)\Common Files\Oracle\Java\javapath;C:\WINDOWS\system32;C:\WINDOWS;C:\WINDOWS\System32\Wbem;C:\WINDOWS\System32\WindowsPowerShell\v1.0\;C:\WINDOWS\System32\OpenSSH\;D:\Program Files\Java\jdk-23\bin;C:\Program Files\dotnet\;C:\Program Files (x86)\Microsoft SQL Server\160\Tools\Binn\;C:\Program Files\Microsoft SQL Server\160\Tools\Binn\;C:\Program Files\Microsoft SQL Server\Client SDK\ODBC\170\Tools\Binn\;C:\Program Files\Microsoft SQL Server\160\DTS\Binn\;D:\PRAKTIKUM SEM 3\PBO\Git\cmd;C:\Users\User\AppData\Local\Programs\Python\Python313\Scripts\;C:\Users\User\AppData\Local\Programs\Python\Python313\;C:\Users\User\AppData\Local\Programs\Python\Launcher\;C:\Users\User\AppData\Local\Microsoft\WindowsApps;C:\Users\User\AppData\Local\Programs\Microsoft VS Code\bin;C:\Users\User\AppData\Local\Muse Hub\lib;
USERNAME=User
OS=Windows_NT
PROCESSOR_IDENTIFIER=Intel64 Family 6 Model 126 Stepping 5, GenuineIntel
TMP=C:\Users\User\AppData\Local\Temp
TEMP=C:\Users\User\AppData\Local\Temp




Periodic native trim disabled

---------------  S Y S T E M  ---------------

OS:
 Windows 11 , 64 bit Build 26100 (10.0.26100.7309)
OS uptime: 0 days 23:14 hours

CPU: total 8 (initial active 8) (4 cores per cpu, 2 threads per core) family 6 model 126 stepping 5 microcode 0xbc, cx8, cmov, fxsr, ht, mmx, 3dnowpref, sse, sse2, sse3, ssse3, sse4.1, sse4.2, popcnt, lzcnt, tsc, tscinvbit, avx, avx2, aes, erms, clmul, bmi1, bmi2, adx, avx512f, avx512dq, avx512cd, avx512bw, avx512vl, sha, fma, vzeroupper, avx512_vpopcntdq, avx512_vpclmulqdq, avx512_vaes, avx512_vnni, clflush, clflushopt, avx512_vbmi2, avx512_vbmi, rdtscp, rdpid, fsrm, gfni, avx512_bitalg, f16c, pku, avx512_ifma
Processor Information for processor 0
  Max Mhz: 1498, Current Mhz: 1198, Mhz Limit: 1198
Processor Information for processor 1
  Max Mhz: 1498, Current Mhz: 1198, Mhz Limit: 1198
Processor Information for processor 2
  Max Mhz: 1498, Current Mhz: 1198, Mhz Limit: 1198
Processor Information for processor 3
  Max Mhz: 1498, Current Mhz: 1198, Mhz Limit: 1198
Processor Information for processor 4
  Max Mhz: 1498, Current Mhz: 1198, Mhz Limit: 1198
Processor Information for processor 5
  Max Mhz: 1498, Current Mhz: 1198, Mhz Limit: 1198
Processor Information for processor 6
  Max Mhz: 1498, Current Mhz: 1198, Mhz Limit: 1198
Processor Information for processor 7
  Max Mhz: 1498, Current Mhz: 998, Mhz Limit: 1198

Memory: 4k page, system-wide physical 7778M (960M free)
TotalPageFile size 10294M (AvailPageFile size 46M)
current process WorkingSet (physical memory assigned to process): 13M, peak: 13M
current process commit charge ("private bytes"): 61M, peak: 182M

vm_info: Java HotSpot(TM) 64-Bit Server VM (23.0.2+7-58) for windows-amd64 JRE (23.0.2+7-58), built on 2024-11-29T09:34:55Z with MS VC++ 17.6 (VS2022)

END.
